<?xml version="1.0" encoding="UTF-8"?>
<!-- Generated by org.testng.reporters.JUnitXMLReporter -->
<testsuite ignored="0" hostname="Som" failures="0" tests="1" name="UserTests" time="0.077" errors="0" timestamp="2025-05-16T15:56:28 IST">
  <testcase classname="com.test.LoginTest.LoginTest" name="@BeforeMethod setUp" time="0.009">
    <failure type="java.lang.NullPointerException" message="Cannot invoke &amp;quot;org.openqa.selenium.WebDriver.get(String)&amp;quot; because &amp;quot;this.driver&amp;quot; is null">
      <![CDATA[java.lang.NullPointerException: Cannot invoke "org.openqa.selenium.WebDriver.get(String)" because "this.driver" is null
at com.test.Login.Login.<init>(Login.java:27)
at com.test.LoginTest.LoginTest.setUp(LoginTest.java:15)
at java.base/java.util.ArrayList.forEach(ArrayList.java:1596)
... Removed 29 stack frames]]>
    </failure>
  </testcase> <!-- @BeforeMethod setUp -->
  <testcase classname="com.test.LoginTest.LoginTest" name="validatePageTitle" time="0.0">
    <skipped/>
  </testcase> <!-- validatePageTitle -->
</testsuite> <!-- UserTests -->
